C:\USERS\TOMAS\DOCUMENTS\MTXCALC_2\DEBUG\ALLPAGES.OBJ
C:\USERS\TOMAS\DOCUMENTS\MTXCALC_2\DEBUG\ALLPAGES.SBR
C:\USERS\TOMAS\DOCUMENTS\MTXCALC_2\DEBUG\CALCBINARY.OBJ
C:\USERS\TOMAS\DOCUMENTS\MTXCALC_2\DEBUG\CALCBINARY.SBR
C:\USERS\TOMAS\DOCUMENTS\MTXCALC_2\DEBUG\CALCDLG.OBJ
C:\USERS\TOMAS\DOCUMENTS\MTXCALC_2\DEBUG\CALCDLG.SBR
C:\USERS\TOMAS\DOCUMENTS\MTXCALC_2\DEBUG\CALCRESULTS.OBJ
C:\USERS\TOMAS\DOCUMENTS\MTXCALC_2\DEBUG\CALCRESULTS.SBR
C:\USERS\TOMAS\DOCUMENTS\MTXCALC_2\DEBUG\CALCUNARY.OBJ
C:\USERS\TOMAS\DOCUMENTS\MTXCALC_2\DEBUG\CALCUNARY.SBR
C:\USERS\TOMAS\DOCUMENTS\MTXCALC_2\DEBUG\CHILDFRM.OBJ
C:\USERS\TOMAS\DOCUMENTS\MTXCALC_2\DEBUG\CHILDFRM.SBR
C:\Users\TOMAS\Documents\MtxCalc_2\Debug\cl.command.1.tlog
C:\Users\TOMAS\Documents\MtxCalc_2\Debug\CL.read.1.tlog
C:\Users\TOMAS\Documents\MtxCalc_2\Debug\CL.write.1.tlog
C:\USERS\TOMAS\DOCUMENTS\MTXCALC_2\DEBUG\DLGINITVALUES.OBJ
C:\USERS\TOMAS\DOCUMENTS\MTXCALC_2\DEBUG\DLGINITVALUES.SBR
C:\USERS\TOMAS\DOCUMENTS\MTXCALC_2\DEBUG\GRIDCELL.OBJ
C:\USERS\TOMAS\DOCUMENTS\MTXCALC_2\DEBUG\GRIDCELL.SBR
C:\USERS\TOMAS\DOCUMENTS\MTXCALC_2\DEBUG\GRIDCELLBASE.OBJ
C:\USERS\TOMAS\DOCUMENTS\MTXCALC_2\DEBUG\GRIDCELLBASE.SBR
C:\USERS\TOMAS\DOCUMENTS\MTXCALC_2\DEBUG\GRIDCTRL.OBJ
C:\USERS\TOMAS\DOCUMENTS\MTXCALC_2\DEBUG\GRIDCTRL.SBR
C:\USERS\TOMAS\DOCUMENTS\MTXCALC_2\DEBUG\GRIDDROPTARGET.OBJ
C:\USERS\TOMAS\DOCUMENTS\MTXCALC_2\DEBUG\GRIDDROPTARGET.SBR
C:\USERS\TOMAS\DOCUMENTS\MTXCALC_2\DEBUG\INPLACEEDIT.OBJ
C:\USERS\TOMAS\DOCUMENTS\MTXCALC_2\DEBUG\INPLACEEDIT.SBR
C:\USERS\TOMAS\DOCUMENTS\MTXCALC_2\DEBUG\INPLACELIST.OBJ
C:\USERS\TOMAS\DOCUMENTS\MTXCALC_2\DEBUG\INPLACELIST.SBR
C:\USERS\TOMAS\DOCUMENTS\MTXCALC_2\DEBUG\MAINFRM.OBJ
C:\USERS\TOMAS\DOCUMENTS\MTXCALC_2\DEBUG\MAINFRM.SBR
C:\USERS\TOMAS\DOCUMENTS\MTXCALC_2\DEBUG\MATRIXGRID.OBJ
C:\USERS\TOMAS\DOCUMENTS\MTXCALC_2\DEBUG\MATRIXGRID.SBR
C:\USERS\TOMAS\DOCUMENTS\MTXCALC_2\DEBUG\MTXCALC.OBJ
C:\USERS\TOMAS\DOCUMENTS\MTXCALC_2\DEBUG\MTXCALC.SBR
C:\USERS\TOMAS\DOCUMENTS\MTXCALC_2\DEBUG\MTXCALCDOC.OBJ
C:\USERS\TOMAS\DOCUMENTS\MTXCALC_2\DEBUG\MTXCALCDOC.SBR
C:\USERS\TOMAS\DOCUMENTS\MTXCALC_2\DEBUG\MTXCALCVIEW.OBJ
C:\USERS\TOMAS\DOCUMENTS\MTXCALC_2\DEBUG\MTXCALCVIEW.SBR
C:\USERS\TOMAS\DOCUMENTS\MTXCALC_2\DEBUG\MTXREF.OBJ
C:\USERS\TOMAS\DOCUMENTS\MTXCALC_2\DEBUG\MTXREF.SBR
C:\USERS\TOMAS\DOCUMENTS\MTXCALC_2\DEBUG\MTXSPECSDLG.OBJ
C:\USERS\TOMAS\DOCUMENTS\MTXCALC_2\DEBUG\MTXSPECSDLG.SBR
C:\Users\TOMAS\Documents\MtxCalc_2\Debug\rc.command.1.tlog
C:\Users\TOMAS\Documents\MtxCalc_2\Debug\rc.read.1.tlog
C:\Users\TOMAS\Documents\MtxCalc_2\Debug\rc.write.1.tlog
C:\USERS\TOMAS\DOCUMENTS\MTXCALC_2\DEBUG\STDAFX.OBJ
C:\USERS\TOMAS\DOCUMENTS\MTXCALC_2\DEBUG\STDAFX.SBR
C:\USERS\TOMAS\DOCUMENTS\MTXCALC_2\DEBUG\TITLETIP.OBJ
C:\USERS\TOMAS\DOCUMENTS\MTXCALC_2\DEBUG\TITLETIP.SBR
C:\Users\TOMAS\Documents\MtxCalc_2\Debug\vc100.idb
C:\USERS\TOMAS\DOCUMENTS\MTXCALC_2\DEBUG\VC100.PDB
C:\USERS\TOMAS\DOCUMENTS\MTXCALC_2\DEBUG\XPEXCEPTION.OBJ
C:\USERS\TOMAS\DOCUMENTS\MTXCALC_2\DEBUG\XPEXCEPTION.SBR
C:\USERS\TOMAS\DOCUMENTS\MTXCALC_2\DEBUG\XPMATRIX.OBJ
C:\USERS\TOMAS\DOCUMENTS\MTXCALC_2\DEBUG\XPMATRIX.SBR
C:\USERS\TOMAS\DOCUMENTS\MTXCALC_2\DEBUG\XPMTXTEST.OBJ
C:\USERS\TOMAS\DOCUMENTS\MTXCALC_2\DEBUG\XPMTXTEST.SBR
